<?xml version="1.0" encoding="UTF-8"?>
<!-- Generated by org.testng.reporters.JUnitReportReporter -->
<testsuite hostname="DESKTOP-5POSO3O" name="com.vnv.unacademy.runner.UnacademyRunner" tests="1" failures="0" timestamp="16 May 2022 07:27:44 GMT" time="24.955" errors="1">
  <testcase name="runScenario" time="24.955" classname="com.vnv.unacademy.runner.UnacademyRunner">
    <error type="java.lang.NullPointerException">
      <![CDATA[java.lang.NullPointerException
	at com.vnv.unacademy.steps.definitions.LiveClassSteps.user_clicks_on_hide_panel_button(LiveClassSteps.java:181)
	at ✽.user clicks on hide panel button(file:///C:/selenium_automation/unacademy/src/resources/unacademy/liveClass.feature:44)
]]>
    </error>
  </testcase> <!-- runScenario -->
</testsuite> <!-- com.vnv.unacademy.runner.UnacademyRunner -->
